2026-07-16 12:20:19 [INFO] __main__: --- INITIALIZING DATA PIPELINE ---
2026-07-16 12:20:19 [INFO] src.broker: Subscribed UserValidationConsumer to topic 'users:raw'.
2026-07-16 12:20:19 [INFO] src.broker: Subscribed ProductValidationConsumer to topic 'products:raw'.
2026-07-16 12:20:19 [INFO] src.broker: Subscribed ClickValidationConsumer to topic 'clicks:raw'.
2026-07-16 12:20:19 [INFO] src.broker: Subscribed MongoConsumer to topic 'users:validated'.
2026-07-16 12:20:19 [INFO] src.broker: Subscribed MongoConsumer to topic 'products:validated'.
2026-07-16 12:20:19 [INFO] src.broker: Subscribed MongoConsumer to topic 'clicks:validated'.
2026-07-16 12:20:19 [INFO] src.broker: Subscribed RedisConsumer to topic 'clicks:validated'.
2026-07-16 12:20:19 [INFO] src.generator: Generated 15 user events.
2026-07-16 12:20:19 [INFO] src.generator: Generated 10 product events.
2026-07-16 12:20:19 [INFO] src.generator: Generated 50 click events.
2026-07-16 12:20:19 [INFO] __main__: Published 15 events to 'users:raw'.
2026-07-16 12:20:19 [INFO] __main__: Published 10 events to 'products:raw'.
2026-07-16 12:20:19 [ERROR] src.validator: name cannot be empty.
2026-07-16 12:20:19 [WARNING] src.consumers.validation_consumers: Discarding invalid user event: name cannot be empty.
2026-07-16 12:20:19 [INFO] __main__: Published 50 events to 'clicks:raw'.
2026-07-16 12:20:19 [ERROR] src.consumers.validation_consumers: Unexpected error while validating click event: 'None' is not a valid ObjectId, it must be a 12-byte input or a 24-character hex string
Traceback (most recent call last):
  File "/home/cap/Documentos/Documents/Repositorios/click-stream-pipeline/src/consumers/validation_consumers.py", line 25, in consume
    type(self).validator(self.model.from_json(message))
                         ^^^^^^^^^^^^^^^^^^^^^^^^^^^^^
  File "/home/cap/Documentos/Documents/Repositorios/click-stream-pipeline/src/models.py", line 49, in from_json
    return cls.from_dict(loads(json_str))
           ^^^^^^^^^^^^^^^^^^^^^^^^^^^^^^
  File "/home/cap/Documentos/Documents/Repositorios/click-stream-pipeline/src/models.py", line 75, in from_dict
    product_id=ObjectId(data["product_id"]),
               ^^^^^^^^^^^^^^^^^^^^^^^^^^^^
  File "/home/cap/Documentos/Documents/Repositorios/click-stream-pipeline/.venv/lib/python3.12/site-packages/bson/objectid.py", line 116, in __init__
    _raise_invalid_id(oid)
  File "/home/cap/Documentos/Documents/Repositorios/click-stream-pipeline/.venv/lib/python3.12/site-packages/bson/objectid.py", line 37, in _raise_invalid_id
    raise InvalidId(
bson.errors.InvalidId: 'None' is not a valid ObjectId, it must be a 12-byte input or a 24-character hex string
2026-07-16 12:20:19 [INFO] __main__: --- PIPELINE SUCCESSFULLY COMPLETED ---
2026-07-16 12:20:19 [INFO] src.broker: Message broker closed.
2026-07-16 12:20:19 [INFO] src.consumers.mongo: MongoDB connection closed.
2026-07-16 12:20:19 [INFO] src.consumers.redis: Redis connection closed.
